<?xml version="1.0" encoding="UTF-8"?>
<testsuite name="org.apache.commons.jxpath.ri.model.MixedModelTest" time="0.149" tests="40" errors="0" skipped="0" failures="0">
  <properties>
    <property name="java.runtime.name" value="Java(TM) SE Runtime Environment"/>
    <property name="sun.boot.library.path" value="/Library/Java/JavaVirtualMachines/jdk1.8.0_111.jdk/Contents/Home/jre/lib"/>
    <property name="java.vm.version" value="25.111-b14"/>
    <property name="gopherProxySet" value="false"/>
    <property name="java.vm.vendor" value="Oracle Corporation"/>
    <property name="maven.multiModuleProjectDirectory" value="/Users/beep/git/commons_jxpath"/>
    <property name="java.vendor.url" value="http://java.oracle.com/"/>
    <property name="path.separator" value=":"/>
    <property name="guice.disable.misplaced.annotation.check" value="true"/>
    <property name="java.vm.name" value="Java HotSpot(TM) 64-Bit Server VM"/>
    <property name="file.encoding.pkg" value="sun.io"/>
    <property name="user.country" value="US"/>
    <property name="sun.java.launcher" value="SUN_STANDARD"/>
    <property name="sun.os.patch.level" value="unknown"/>
    <property name="java.vm.specification.name" value="Java Virtual Machine Specification"/>
    <property name="user.dir" value="/Users/beep/git/commons_jxpath"/>
    <property name="java.runtime.version" value="1.8.0_111-b14"/>
    <property name="java.awt.graphicsenv" value="sun.awt.CGraphicsEnvironment"/>
    <property name="java.endorsed.dirs" value="/Library/Java/JavaVirtualMachines/jdk1.8.0_111.jdk/Contents/Home/jre/lib/endorsed"/>
    <property name="os.arch" value="x86_64"/>
    <property name="java.io.tmpdir" value="/var/folders/mp/4cvhnrfd4h78rrdrmc_5m8dr0000gn/T/"/>
    <property name="line.separator" value="&#10;"/>
    <property name="java.vm.specification.vendor" value="Oracle Corporation"/>
    <property name="os.name" value="Mac OS X"/>
    <property name="classworlds.conf" value="/Users/beep/Documents/workspace/.metadata/.plugins/org.eclipse.m2e.launching/launches/m2conf396868566639826511.tmp"/>
    <property name="sun.jnu.encoding" value="UTF-8"/>
    <property name="java.library.path" value="/Users/beep/Library/Java/Extensions:/Library/Java/Extensions:/Network/Library/Java/Extensions:/System/Library/Java/Extensions:/usr/lib/java:."/>
    <property name="java.specification.name" value="Java Platform API Specification"/>
    <property name="java.class.version" value="52.0"/>
    <property name="sun.management.compiler" value="HotSpot 64-Bit Tiered Compilers"/>
    <property name="os.version" value="10.12.4"/>
    <property name="http.nonProxyHosts" value="local|*.local|169.254/16|*.169.254/16"/>
    <property name="user.home" value="/Users/beep"/>
    <property name="user.timezone" value="America/Los_Angeles"/>
    <property name="java.awt.printerjob" value="sun.lwawt.macosx.CPrinterJob"/>
    <property name="java.specification.version" value="1.8"/>
    <property name="file.encoding" value="UTF-8"/>
    <property name="user.name" value="beep"/>
    <property name="java.class.path" value="/Users/beep/eclipse/java-neon2/Eclipse.app/Contents/Eclipse/../../../../../.p2/pool/plugins/org.eclipse.m2e.maven.runtime_1.7.0.20160603-1931/jars/plexus-classworlds-2.5.2.jar"/>
    <property name="java.vm.specification.version" value="1.8"/>
    <property name="sun.arch.data.model" value="64"/>
    <property name="java.home" value="/Library/Java/JavaVirtualMachines/jdk1.8.0_111.jdk/Contents/Home/jre"/>
    <property name="sun.java.command" value="org.codehaus.plexus.classworlds.launcher.Launcher -B test"/>
    <property name="java.specification.vendor" value="Oracle Corporation"/>
    <property name="user.language" value="en"/>
    <property name="awt.toolkit" value="sun.lwawt.macosx.LWCToolkit"/>
    <property name="java.vm.info" value="mixed mode"/>
    <property name="java.version" value="1.8.0_111"/>
    <property name="java.ext.dirs" value="/Users/beep/Library/Java/Extensions:/Library/Java/JavaVirtualMachines/jdk1.8.0_111.jdk/Contents/Home/jre/lib/ext:/Library/Java/Extensions:/Network/Library/Java/Extensions:/System/Library/Java/Extensions:/usr/lib/java"/>
    <property name="sun.boot.class.path" value="/Library/Java/JavaVirtualMachines/jdk1.8.0_111.jdk/Contents/Home/jre/lib/resources.jar:/Library/Java/JavaVirtualMachines/jdk1.8.0_111.jdk/Contents/Home/jre/lib/rt.jar:/Library/Java/JavaVirtualMachines/jdk1.8.0_111.jdk/Contents/Home/jre/lib/sunrsasign.jar:/Library/Java/JavaVirtualMachines/jdk1.8.0_111.jdk/Contents/Home/jre/lib/jsse.jar:/Library/Java/JavaVirtualMachines/jdk1.8.0_111.jdk/Contents/Home/jre/lib/jce.jar:/Library/Java/JavaVirtualMachines/jdk1.8.0_111.jdk/Contents/Home/jre/lib/charsets.jar:/Library/Java/JavaVirtualMachines/jdk1.8.0_111.jdk/Contents/Home/jre/lib/jfr.jar:/Library/Java/JavaVirtualMachines/jdk1.8.0_111.jdk/Contents/Home/jre/classes"/>
    <property name="java.vendor" value="Oracle Corporation"/>
    <property name="maven.home" value="/Users/beep/git/commons_jxpath/EMBEDDED"/>
    <property name="file.separator" value="/"/>
    <property name="java.vendor.url.bug" value="http://bugreport.sun.com/bugreport/"/>
    <property name="sun.cpu.endian" value="little"/>
    <property name="sun.io.unicode.encoding" value="UnicodeBig"/>
    <property name="socksNonProxyHosts" value="local|*.local|169.254/16|*.169.254/16"/>
    <property name="ftp.nonProxyHosts" value="local|*.local|169.254/16|*.169.254/16"/>
    <property name="sun.cpu.isalist" value=""/>
  </properties>
  <testcase name="testVar" classname="org.apache.commons.jxpath.ri.model.MixedModelTest" time="0.003"/>
  <testcase name="testVarPrimitive" classname="org.apache.commons.jxpath.ri.model.MixedModelTest" time="0.001"/>
  <testcase name="testVarBean" classname="org.apache.commons.jxpath.ri.model.MixedModelTest" time="0.002"/>
  <testcase name="testVarMap" classname="org.apache.commons.jxpath.ri.model.MixedModelTest" time="0.002"/>
  <testcase name="testVarList" classname="org.apache.commons.jxpath.ri.model.MixedModelTest" time="0.003"/>
  <testcase name="testVarDocument" classname="org.apache.commons.jxpath.ri.model.MixedModelTest" time="0.002"/>
  <testcase name="testVarElement" classname="org.apache.commons.jxpath.ri.model.MixedModelTest" time="0.002"/>
  <testcase name="testVarContainer" classname="org.apache.commons.jxpath.ri.model.MixedModelTest" time="0.002"/>
  <testcase name="testBeanPrimitive" classname="org.apache.commons.jxpath.ri.model.MixedModelTest" time="0.002"/>
  <testcase name="testBeanBean" classname="org.apache.commons.jxpath.ri.model.MixedModelTest" time="0.003"/>
  <testcase name="testBeanMap" classname="org.apache.commons.jxpath.ri.model.MixedModelTest" time="0.002"/>
  <testcase name="testBeanList" classname="org.apache.commons.jxpath.ri.model.MixedModelTest" time="0.002"/>
  <testcase name="testBeanDocument" classname="org.apache.commons.jxpath.ri.model.MixedModelTest" time="0.003"/>
  <testcase name="testBeanElement" classname="org.apache.commons.jxpath.ri.model.MixedModelTest" time="0.011"/>
  <testcase name="testBeanContainer" classname="org.apache.commons.jxpath.ri.model.MixedModelTest" time="0.004"/>
  <testcase name="testMapPrimitive" classname="org.apache.commons.jxpath.ri.model.MixedModelTest" time="0.002"/>
  <testcase name="testMapBean" classname="org.apache.commons.jxpath.ri.model.MixedModelTest" time="0.003"/>
  <testcase name="testMapMap" classname="org.apache.commons.jxpath.ri.model.MixedModelTest" time="0.002"/>
  <testcase name="testMapList" classname="org.apache.commons.jxpath.ri.model.MixedModelTest" time="0.002"/>
  <testcase name="testMapDocument" classname="org.apache.commons.jxpath.ri.model.MixedModelTest" time="0.004"/>
  <testcase name="testMapElement" classname="org.apache.commons.jxpath.ri.model.MixedModelTest" time="0.004"/>
  <testcase name="testMapContainer" classname="org.apache.commons.jxpath.ri.model.MixedModelTest" time="0.003"/>
  <testcase name="testListPrimitive" classname="org.apache.commons.jxpath.ri.model.MixedModelTest" time="0.003"/>
  <testcase name="testListBean" classname="org.apache.commons.jxpath.ri.model.MixedModelTest" time="0.002"/>
  <testcase name="testListMap" classname="org.apache.commons.jxpath.ri.model.MixedModelTest" time="0.002"/>
  <testcase name="testListList" classname="org.apache.commons.jxpath.ri.model.MixedModelTest" time="0.003"/>
  <testcase name="testListDocument" classname="org.apache.commons.jxpath.ri.model.MixedModelTest" time="0.003"/>
  <testcase name="testListElement" classname="org.apache.commons.jxpath.ri.model.MixedModelTest" time="0.003"/>
  <testcase name="testListContainer" classname="org.apache.commons.jxpath.ri.model.MixedModelTest" time="0.004"/>
  <testcase name="testNull" classname="org.apache.commons.jxpath.ri.model.MixedModelTest" time="0.003"/>
  <testcase name="testRootAsCollection" classname="org.apache.commons.jxpath.ri.model.MixedModelTest" time="0.002"/>
  <testcase name="testIterateArray" classname="org.apache.commons.jxpath.ri.model.MixedModelTest" time="0.004"/>
  <testcase name="testIteratePointersArray" classname="org.apache.commons.jxpath.ri.model.MixedModelTest" time="0.008"/>
  <testcase name="testIteratePointersArrayElementWithVariable" classname="org.apache.commons.jxpath.ri.model.MixedModelTest" time="0.02"/>
  <testcase name="testIterateVector" classname="org.apache.commons.jxpath.ri.model.MixedModelTest" time="0.003"/>
  <testcase name="testErrorProperty" classname="org.apache.commons.jxpath.ri.model.MixedModelTest" time="0.01"/>
  <testcase name="testMatrix" classname="org.apache.commons.jxpath.ri.model.MixedModelTest" time="0.004"/>
  <testcase name="testCreatePathAndSetValueWithMatrix" classname="org.apache.commons.jxpath.ri.model.MixedModelTest" time="0.005"/>
  <testcase name="testCollectionPointer" classname="org.apache.commons.jxpath.ri.model.MixedModelTest" time="0.003"/>
  <testcase name="testCreatePath" classname="org.apache.commons.jxpath.ri.model.MixedModelTest" time="0.003"/>
</testsuite>